<?xml version="1.0" encoding="UTF-8"?>
<coverage generated="1659814122241" clover="3.2.0">
  <project timestamp="1659814122241" name="All files">
    <metrics statements="129" coveredstatements="127" conditionals="56" coveredconditionals="55" methods="33" coveredmethods="33" elements="218" coveredelements="215" complexity="0" loc="129" ncloc="129" packages="4" files="10" classes="10"/>
    <package name="src">
      <metrics statements="13" coveredstatements="13" conditionals="0" coveredconditionals="0" methods="2" coveredmethods="2"/>
      <file name="index.js" path="/home/wesleysantos/Área de Trabalho/scripts/foxbit/src/index.js">
        <metrics statements="13" coveredstatements="13" conditionals="0" coveredconditionals="0" methods="2" coveredmethods="2"/>
        <line num="1" count="1" type="stmt"/>
        <line num="2" count="1" type="stmt"/>
        <line num="3" count="1" type="stmt"/>
        <line num="4" count="1" type="stmt"/>
        <line num="5" count="1" type="stmt"/>
        <line num="8" count="3" type="stmt"/>
        <line num="9" count="3" type="stmt"/>
        <line num="10" count="3" type="stmt"/>
        <line num="11" count="3" type="stmt"/>
        <line num="12" count="3" type="stmt"/>
        <line num="13" count="5" type="stmt"/>
        <line num="14" count="3" type="stmt"/>
        <line num="17" count="1" type="stmt"/>
      </file>
    </package>
    <package name="src.application">
      <metrics statements="18" coveredstatements="18" conditionals="0" coveredconditionals="0" methods="5" coveredmethods="5"/>
      <file name="RunCommands.js" path="/home/wesleysantos/Área de Trabalho/scripts/foxbit/src/application/RunCommands.js">
        <metrics statements="18" coveredstatements="18" conditionals="0" coveredconditionals="0" methods="5" coveredmethods="5"/>
        <line num="1" count="2" type="stmt"/>
        <line num="2" count="2" type="stmt"/>
        <line num="3" count="2" type="stmt"/>
        <line num="4" count="2" type="stmt"/>
        <line num="9" count="4" type="stmt"/>
        <line num="13" count="4" type="stmt"/>
        <line num="14" count="4" type="stmt"/>
        <line num="15" count="4" type="stmt"/>
        <line num="16" count="4" type="stmt"/>
        <line num="17" count="4" type="stmt"/>
        <line num="18" count="7" type="stmt"/>
        <line num="19" count="33" type="stmt"/>
        <line num="20" count="7" type="stmt"/>
        <line num="21" count="7" type="stmt"/>
        <line num="24" count="4" type="stmt"/>
        <line num="25" count="7" type="stmt"/>
        <line num="26" count="7" type="stmt"/>
        <line num="31" count="2" type="stmt"/>
      </file>
    </package>
    <package name="src.domain">
      <metrics statements="67" coveredstatements="65" conditionals="42" coveredconditionals="42" methods="15" coveredmethods="15"/>
      <file name="Command.js" path="/home/wesleysantos/Área de Trabalho/scripts/foxbit/src/domain/Command.js">
        <metrics statements="8" coveredstatements="8" conditionals="4" coveredconditionals="4" methods="4" coveredmethods="4"/>
        <line num="1" count="7" type="stmt"/>
        <line num="4" count="7" type="stmt"/>
        <line num="6" count="52" type="cond" truecount="2" falsecount="0"/>
        <line num="7" count="49" type="cond" truecount="2" falsecount="0"/>
        <line num="11" count="12" type="stmt"/>
        <line num="18" count="82" type="stmt"/>
        <line num="19" count="33" type="stmt"/>
        <line num="23" count="7" type="stmt"/>
      </file>
      <file name="Coordinate.js" path="/home/wesleysantos/Área de Trabalho/scripts/foxbit/src/domain/Coordinate.js">
        <metrics statements="13" coveredstatements="13" conditionals="24" coveredconditionals="24" methods="1" coveredmethods="1"/>
        <line num="2" count="97" type="stmt"/>
        <line num="9" count="97" type="cond" truecount="4" falsecount="0"/>
        <line num="10" count="96" type="cond" truecount="4" falsecount="0"/>
        <line num="11" count="95" type="cond" truecount="4" falsecount="0"/>
        <line num="12" count="94" type="cond" truecount="4" falsecount="0"/>
        <line num="13" count="93" type="stmt"/>
        <line num="14" count="93" type="stmt"/>
        <line num="15" count="93" type="stmt"/>
        <line num="16" count="93" type="stmt"/>
        <line num="17" count="93" type="stmt"/>
        <line num="21" count="93" type="cond" truecount="4" falsecount="0"/>
        <line num="22" count="91" type="cond" truecount="4" falsecount="0"/>
        <line num="26" count="8" type="stmt"/>
      </file>
      <file name="Move.js" path="/home/wesleysantos/Área de Trabalho/scripts/foxbit/src/domain/Move.js">
        <metrics statements="13" coveredstatements="13" conditionals="4" coveredconditionals="4" methods="2" coveredmethods="2"/>
        <line num="1" count="3" type="stmt"/>
        <line num="2" count="3" type="stmt"/>
        <line num="7" count="27" type="stmt"/>
        <line num="8" count="26" type="stmt"/>
        <line num="12" count="26" type="stmt"/>
        <line num="13" count="26" type="stmt"/>
        <line num="14" count="26" type="cond" truecount="4" falsecount="0"/>
        <line num="16" count="7" type="stmt"/>
        <line num="19" count="9" type="stmt"/>
        <line num="22" count="6" type="stmt"/>
        <line num="25" count="4" type="stmt"/>
        <line num="28" count="3" type="stmt"/>
        <line num="33" count="3" type="stmt"/>
      </file>
      <file name="Rover.js" path="/home/wesleysantos/Área de Trabalho/scripts/foxbit/src/domain/Rover.js">
        <metrics statements="7" coveredstatements="7" conditionals="2" coveredconditionals="2" methods="4" coveredmethods="4"/>
        <line num="1" count="3" type="stmt"/>
        <line num="6" count="10" type="cond" truecount="2" falsecount="0"/>
        <line num="7" count="9" type="stmt"/>
        <line num="11" count="8" type="stmt"/>
        <line num="12" count="35" type="stmt"/>
        <line num="16" count="8" type="stmt"/>
        <line num="19" count="3" type="stmt"/>
      </file>
      <file name="SpinLeft.js" path="/home/wesleysantos/Área de Trabalho/scripts/foxbit/src/domain/SpinLeft.js">
        <metrics statements="13" coveredstatements="12" conditionals="4" coveredconditionals="4" methods="2" coveredmethods="2"/>
        <line num="1" count="4" type="stmt"/>
        <line num="2" count="4" type="stmt"/>
        <line num="7" count="10" type="stmt"/>
        <line num="8" count="9" type="stmt"/>
        <line num="12" count="9" type="stmt"/>
        <line num="13" count="9" type="stmt"/>
        <line num="15" count="9" type="cond" truecount="4" falsecount="0"/>
        <line num="17" count="3" type="stmt"/>
        <line num="20" count="2" type="stmt"/>
        <line num="23" count="2" type="stmt"/>
        <line num="26" count="2" type="stmt"/>
        <line num="29" count="0" type="stmt"/>
        <line num="34" count="4" type="stmt"/>
      </file>
      <file name="SpinRight.js" path="/home/wesleysantos/Área de Trabalho/scripts/foxbit/src/domain/SpinRight.js">
        <metrics statements="13" coveredstatements="12" conditionals="4" coveredconditionals="4" methods="2" coveredmethods="2"/>
        <line num="1" count="4" type="stmt"/>
        <line num="2" count="4" type="stmt"/>
        <line num="7" count="14" type="stmt"/>
        <line num="8" count="13" type="stmt"/>
        <line num="12" count="13" type="stmt"/>
        <line num="13" count="13" type="stmt"/>
        <line num="14" count="13" type="cond" truecount="4" falsecount="0"/>
        <line num="16" count="4" type="stmt"/>
        <line num="19" count="4" type="stmt"/>
        <line num="22" count="3" type="stmt"/>
        <line num="25" count="2" type="stmt"/>
        <line num="28" count="0" type="stmt"/>
        <line num="33" count="4" type="stmt"/>
      </file>
    </package>
    <package name="src.infra">
      <metrics statements="31" coveredstatements="31" conditionals="14" coveredconditionals="13" methods="11" coveredmethods="11"/>
      <file name="CommandFileRepository.js" path="/home/wesleysantos/Área de Trabalho/scripts/foxbit/src/infra/CommandFileRepository.js">
        <metrics statements="23" coveredstatements="23" conditionals="12" coveredconditionals="11" methods="9" coveredmethods="9"/>
        <line num="1" count="3" type="stmt"/>
        <line num="5" count="6" type="stmt"/>
        <line num="9" count="5" type="stmt"/>
        <line num="10" count="10" type="stmt"/>
        <line num="14" count="5" type="stmt"/>
        <line num="15" count="5" type="stmt"/>
        <line num="16" count="23" type="cond" truecount="4" falsecount="0"/>
        <line num="17" count="9" type="stmt"/>
        <line num="18" count="9" type="stmt"/>
        <line num="19" count="27" type="cond" truecount="2" falsecount="0"/>
        <line num="20" count="18" type="stmt"/>
        <line num="22" count="9" type="stmt"/>
        <line num="25" count="5" type="stmt"/>
        <line num="29" count="5" type="stmt"/>
        <line num="30" count="5" type="stmt"/>
        <line num="31" count="23" type="cond" truecount="4" falsecount="0"/>
        <line num="32" count="9" type="stmt"/>
        <line num="33" count="9" type="stmt"/>
        <line num="34" count="39" type="cond" truecount="1" falsecount="1"/>
        <line num="35" count="39" type="stmt"/>
        <line num="37" count="9" type="stmt"/>
        <line num="40" count="5" type="stmt"/>
        <line num="44" count="3" type="stmt"/>
      </file>
      <file name="FileHandler.js" path="/home/wesleysantos/Área de Trabalho/scripts/foxbit/src/infra/FileHandler.js">
        <metrics statements="8" coveredstatements="8" conditionals="2" coveredconditionals="2" methods="2" coveredmethods="2"/>
        <line num="1" count="4" type="stmt"/>
        <line num="2" count="4" type="stmt"/>
        <line num="6" count="8" type="stmt"/>
        <line num="8" count="8" type="cond" truecount="2" falsecount="0"/>
        <line num="9" count="6" type="stmt"/>
        <line num="10" count="6" type="stmt"/>
        <line num="14" count="16" type="stmt"/>
        <line num="18" count="4" type="stmt"/>
      </file>
    </package>
  </project>
</coverage>
