{"total": {"lines":{"total":137,"covered":130,"skipped":0,"pct":94.89},"statements":{"total":153,"covered":145,"skipped":0,"pct":94.77},"functions":{"total":33,"covered":33,"skipped":0,"pct":100},"branches":{"total":60,"covered":58,"skipped":0,"pct":96.66},"branchesTrue":{"total":0,"covered":0,"skipped":0,"pct":100}}
,"/home/wesleysantos/Área de Trabalho/scripts/foxbit/src/index.js": {"lines":{"total":20,"covered":15,"skipped":0,"pct":75},"functions":{"total":2,"covered":2,"skipped":0,"pct":100},"statements":{"total":21,"covered":16,"skipped":0,"pct":76.19},"branches":{"total":4,"covered":3,"skipped":0,"pct":75}}
,"/home/wesleysantos/Área de Trabalho/scripts/foxbit/src/application/RunCommands.js": {"lines":{"total":18,"covered":18,"skipped":0,"pct":100},"functions":{"total":5,"covered":5,"skipped":0,"pct":100},"statements":{"total":19,"covered":19,"skipped":0,"pct":100},"branches":{"total":0,"covered":0,"skipped":0,"pct":100}}
,"/home/wesleysantos/Área de Trabalho/scripts/foxbit/src/domain/Command.js": {"lines":{"total":8,"covered":8,"skipped":0,"pct":100},"functions":{"total":4,"covered":4,"skipped":0,"pct":100},"statements":{"total":11,"covered":11,"skipped":0,"pct":100},"branches":{"total":4,"covered":4,"skipped":0,"pct":100}}
,"/home/wesleysantos/Área de Trabalho/scripts/foxbit/src/domain/Coordinate.js": {"lines":{"total":13,"covered":13,"skipped":0,"pct":100},"functions":{"total":1,"covered":1,"skipped":0,"pct":100},"statements":{"total":19,"covered":19,"skipped":0,"pct":100},"branches":{"total":24,"covered":24,"skipped":0,"pct":100}}
,"/home/wesleysantos/Área de Trabalho/scripts/foxbit/src/domain/Move.js": {"lines":{"total":13,"covered":13,"skipped":0,"pct":100},"functions":{"total":2,"covered":2,"skipped":0,"pct":100},"statements":{"total":13,"covered":13,"skipped":0,"pct":100},"branches":{"total":4,"covered":4,"skipped":0,"pct":100}}
,"/home/wesleysantos/Área de Trabalho/scripts/foxbit/src/domain/Rover.js": {"lines":{"total":7,"covered":7,"skipped":0,"pct":100},"functions":{"total":4,"covered":4,"skipped":0,"pct":100},"statements":{"total":8,"covered":8,"skipped":0,"pct":100},"branches":{"total":2,"covered":2,"skipped":0,"pct":100}}
,"/home/wesleysantos/Área de Trabalho/scripts/foxbit/src/domain/SpinLeft.js": {"lines":{"total":13,"covered":12,"skipped":0,"pct":92.3},"functions":{"total":2,"covered":2,"skipped":0,"pct":100},"statements":{"total":13,"covered":12,"skipped":0,"pct":92.3},"branches":{"total":4,"covered":4,"skipped":0,"pct":100}}
,"/home/wesleysantos/Área de Trabalho/scripts/foxbit/src/domain/SpinRight.js": {"lines":{"total":13,"covered":12,"skipped":0,"pct":92.3},"functions":{"total":2,"covered":2,"skipped":0,"pct":100},"statements":{"total":13,"covered":12,"skipped":0,"pct":92.3},"branches":{"total":4,"covered":4,"skipped":0,"pct":100}}
,"/home/wesleysantos/Área de Trabalho/scripts/foxbit/src/infra/CommandFileRepository.js": {"lines":{"total":23,"covered":23,"skipped":0,"pct":100},"functions":{"total":9,"covered":9,"skipped":0,"pct":100},"statements":{"total":26,"covered":25,"skipped":0,"pct":96.15},"branches":{"total":12,"covered":11,"skipped":0,"pct":91.66}}
,"/home/wesleysantos/Área de Trabalho/scripts/foxbit/src/infra/FileHandler.js": {"lines":{"total":9,"covered":9,"skipped":0,"pct":100},"functions":{"total":2,"covered":2,"skipped":0,"pct":100},"statements":{"total":10,"covered":10,"skipped":0,"pct":100},"branches":{"total":2,"covered":2,"skipped":0,"pct":100}}
}
