{"/home/wesleysantos/Área de Trabalho/scripts/foxbit/src/domain/Command.js": {"path":"/home/wesleysantos/Área de Trabalho/scripts/foxbit/src/domain/Command.js","statementMap":{"0":{"start":{"line":1,"column":19},"end":{"line":1,"column":42}},"1":{"start":{"line":5,"column":8},"end":{"line":5,"column":116}},"2":{"start":{"line":5,"column":49},"end":{"line":5,"column":116}},"3":{"start":{"line":6,"column":8},"end":{"line":6,"column":92}},"4":{"start":{"line":6,"column":35},"end":{"line":6,"column":92}},"5":{"start":{"line":10,"column":0},"end":{"line":10,"column":24}}},"fnMap":{"0":{"name":"(anonymous_0)","decl":{"start":{"line":4,"column":4},"end":{"line":4,"column":5}},"loc":{"start":{"line":4,"column":29},"end":{"line":7,"column":5}},"line":4}},"branchMap":{"0":{"loc":{"start":{"line":5,"column":8},"end":{"line":5,"column":116}},"type":"if","locations":[{"start":{"line":5,"column":8},"end":{"line":5,"column":116}},{"start":{},"end":{}}],"line":5},"1":{"loc":{"start":{"line":6,"column":8},"end":{"line":6,"column":92}},"type":"if","locations":[{"start":{"line":6,"column":8},"end":{"line":6,"column":92}},{"start":{},"end":{}}],"line":6}},"s":{"0":5,"1":19,"2":3,"3":16,"4":1,"5":5},"f":{"0":19},"b":{"0":[3,16],"1":[1,15]},"_coverageSchema":"1a1c01bbd47fc00a2c39e90264f33305004495a9","hash":"bc40f091d6fc0a2aa29ed12175c6710db766dbbd"}
,"/home/wesleysantos/Área de Trabalho/scripts/foxbit/src/domain/Coordinate.js": {"path":"/home/wesleysantos/Área de Trabalho/scripts/foxbit/src/domain/Coordinate.js","statementMap":{"0":{"start":{"line":2,"column":24},"end":{"line":2,"column":44}},"1":{"start":{"line":8,"column":8},"end":{"line":8,"column":97}},"2":{"start":{"line":8,"column":58},"end":{"line":8,"column":97}},"3":{"start":{"line":9,"column":8},"end":{"line":9,"column":97}},"4":{"start":{"line":9,"column":58},"end":{"line":9,"column":97}},"5":{"start":{"line":10,"column":8},"end":{"line":10,"column":142}},"6":{"start":{"line":10,"column":89},"end":{"line":10,"column":142}},"7":{"start":{"line":11,"column":8},"end":{"line":11,"column":18}},"8":{"start":{"line":12,"column":8},"end":{"line":12,"column":18}},"9":{"start":{"line":13,"column":8},"end":{"line":13,"column":34}},"10":{"start":{"line":17,"column":0},"end":{"line":17,"column":27}}},"fnMap":{"0":{"name":"(anonymous_0)","decl":{"start":{"line":7,"column":4},"end":{"line":7,"column":5}},"loc":{"start":{"line":7,"column":33},"end":{"line":14,"column":5}},"line":7}},"branchMap":{"0":{"loc":{"start":{"line":8,"column":8},"end":{"line":8,"column":97}},"type":"if","locations":[{"start":{"line":8,"column":8},"end":{"line":8,"column":97}},{"start":{},"end":{}}],"line":8},"1":{"loc":{"start":{"line":8,"column":11},"end":{"line":8,"column":56}},"type":"binary-expr","locations":[{"start":{"line":8,"column":11},"end":{"line":8,"column":32}},{"start":{"line":8,"column":36},"end":{"line":8,"column":56}}],"line":8},"2":{"loc":{"start":{"line":9,"column":8},"end":{"line":9,"column":97}},"type":"if","locations":[{"start":{"line":9,"column":8},"end":{"line":9,"column":97}},{"start":{},"end":{}}],"line":9},"3":{"loc":{"start":{"line":9,"column":11},"end":{"line":9,"column":56}},"type":"binary-expr","locations":[{"start":{"line":9,"column":11},"end":{"line":9,"column":32}},{"start":{"line":9,"column":36},"end":{"line":9,"column":56}}],"line":9},"4":{"loc":{"start":{"line":10,"column":8},"end":{"line":10,"column":142}},"type":"if","locations":[{"start":{"line":10,"column":8},"end":{"line":10,"column":142}},{"start":{},"end":{}}],"line":10},"5":{"loc":{"start":{"line":10,"column":11},"end":{"line":10,"column":87}},"type":"binary-expr","locations":[{"start":{"line":10,"column":11},"end":{"line":10,"column":40}},{"start":{"line":10,"column":44},"end":{"line":10,"column":87}}],"line":10}},"s":{"0":49,"1":49,"2":1,"3":48,"4":1,"5":47,"6":1,"7":46,"8":46,"9":46,"10":6},"f":{"0":49},"b":{"0":[1,48],"1":[49,48],"2":[1,47],"3":[48,48],"4":[1,46],"5":[47,47]},"_coverageSchema":"1a1c01bbd47fc00a2c39e90264f33305004495a9","hash":"92bf470763b234c221e445bd0cac45a0186749d4"}
,"/home/wesleysantos/Área de Trabalho/scripts/foxbit/src/domain/Move.js": {"path":"/home/wesleysantos/Área de Trabalho/scripts/foxbit/src/domain/Move.js","statementMap":{"0":{"start":{"line":1,"column":16},"end":{"line":1,"column":36}},"1":{"start":{"line":2,"column":19},"end":{"line":2,"column":42}},"2":{"start":{"line":7,"column":8},"end":{"line":7,"column":26}},"3":{"start":{"line":8,"column":8},"end":{"line":8,"column":39}},"4":{"start":{"line":12,"column":36},"end":{"line":12,"column":53}},"5":{"start":{"line":13,"column":8},"end":{"line":25,"column":9}},"6":{"start":{"line":15,"column":16},"end":{"line":15,"column":58}},"7":{"start":{"line":18,"column":16},"end":{"line":18,"column":58}},"8":{"start":{"line":21,"column":16},"end":{"line":21,"column":58}},"9":{"start":{"line":24,"column":16},"end":{"line":24,"column":58}},"10":{"start":{"line":29,"column":0},"end":{"line":29,"column":21}}},"fnMap":{"0":{"name":"(anonymous_0)","decl":{"start":{"line":6,"column":4},"end":{"line":6,"column":5}},"loc":{"start":{"line":6,"column":29},"end":{"line":9,"column":5}},"line":6},"1":{"name":"(anonymous_1)","decl":{"start":{"line":11,"column":4},"end":{"line":11,"column":5}},"loc":{"start":{"line":11,"column":11},"end":{"line":26,"column":5}},"line":11}},"branchMap":{"0":{"loc":{"start":{"line":13,"column":8},"end":{"line":25,"column":9}},"type":"switch","locations":[{"start":{"line":14,"column":12},"end":{"line":15,"column":58}},{"start":{"line":17,"column":12},"end":{"line":18,"column":58}},{"start":{"line":20,"column":12},"end":{"line":21,"column":58}},{"start":{"line":23,"column":12},"end":{"line":24,"column":58}}],"line":13}},"s":{"0":1,"1":1,"2":6,"3":5,"4":5,"5":5,"6":2,"7":1,"8":1,"9":1,"10":1},"f":{"0":6,"1":5},"b":{"0":[2,1,1,1]},"_coverageSchema":"1a1c01bbd47fc00a2c39e90264f33305004495a9","hash":"9b6fd7bec237ab3094093165cd4bb3722c9c05f7"}
,"/home/wesleysantos/Área de Trabalho/scripts/foxbit/src/domain/Rover.js": {"path":"/home/wesleysantos/Área de Trabalho/scripts/foxbit/src/domain/Rover.js","statementMap":{"0":{"start":{"line":1,"column":19},"end":{"line":1,"column":42}},"1":{"start":{"line":6,"column":8},"end":{"line":6,"column":91}},"2":{"start":{"line":6,"column":48},"end":{"line":6,"column":91}},"3":{"start":{"line":7,"column":8},"end":{"line":7,"column":37}},"4":{"start":{"line":11,"column":8},"end":{"line":13,"column":10}},"5":{"start":{"line":12,"column":12},"end":{"line":12,"column":66}},"6":{"start":{"line":16,"column":24},"end":{"line":16,"column":47}},"7":{"start":{"line":19,"column":0},"end":{"line":19,"column":22}}},"fnMap":{"0":{"name":"(anonymous_0)","decl":{"start":{"line":5,"column":4},"end":{"line":5,"column":5}},"loc":{"start":{"line":5,"column":28},"end":{"line":8,"column":5}},"line":5},"1":{"name":"(anonymous_1)","decl":{"start":{"line":10,"column":4},"end":{"line":10,"column":5}},"loc":{"start":{"line":10,"column":26},"end":{"line":14,"column":5}},"line":10},"2":{"name":"(anonymous_2)","decl":{"start":{"line":11,"column":25},"end":{"line":11,"column":26}},"loc":{"start":{"line":11,"column":35},"end":{"line":13,"column":9}},"line":11},"3":{"name":"(anonymous_3)","decl":{"start":{"line":16,"column":4},"end":{"line":16,"column":5}},"loc":{"start":{"line":16,"column":22},"end":{"line":16,"column":49}},"line":16}},"branchMap":{"0":{"loc":{"start":{"line":6,"column":8},"end":{"line":6,"column":91}},"type":"if","locations":[{"start":{"line":6,"column":8},"end":{"line":6,"column":91}},{"start":{},"end":{}}],"line":6}},"s":{"0":1,"1":3,"2":1,"3":2,"4":1,"5":2,"6":1,"7":1},"f":{"0":3,"1":1,"2":2,"3":1},"b":{"0":[1,2]},"_coverageSchema":"1a1c01bbd47fc00a2c39e90264f33305004495a9","hash":"1c6dedef6b48b8a4d10bfb67b6464d8f256beb3b"}
,"/home/wesleysantos/Área de Trabalho/scripts/foxbit/src/domain/SpinLeft.js": {"path":"/home/wesleysantos/Área de Trabalho/scripts/foxbit/src/domain/SpinLeft.js","statementMap":{"0":{"start":{"line":1,"column":16},"end":{"line":1,"column":36}},"1":{"start":{"line":2,"column":19},"end":{"line":2,"column":42}},"2":{"start":{"line":7,"column":8},"end":{"line":7,"column":26}},"3":{"start":{"line":8,"column":8},"end":{"line":8,"column":39}},"4":{"start":{"line":12,"column":36},"end":{"line":12,"column":53}},"5":{"start":{"line":13,"column":8},"end":{"line":25,"column":9}},"6":{"start":{"line":15,"column":16},"end":{"line":15,"column":48}},"7":{"start":{"line":18,"column":16},"end":{"line":18,"column":48}},"8":{"start":{"line":21,"column":16},"end":{"line":21,"column":48}},"9":{"start":{"line":24,"column":16},"end":{"line":24,"column":48}},"10":{"start":{"line":29,"column":0},"end":{"line":29,"column":25}}},"fnMap":{"0":{"name":"(anonymous_0)","decl":{"start":{"line":6,"column":4},"end":{"line":6,"column":5}},"loc":{"start":{"line":6,"column":29},"end":{"line":9,"column":5}},"line":6},"1":{"name":"(anonymous_1)","decl":{"start":{"line":11,"column":4},"end":{"line":11,"column":5}},"loc":{"start":{"line":11,"column":11},"end":{"line":26,"column":5}},"line":11}},"branchMap":{"0":{"loc":{"start":{"line":13,"column":8},"end":{"line":25,"column":9}},"type":"switch","locations":[{"start":{"line":14,"column":12},"end":{"line":15,"column":48}},{"start":{"line":17,"column":12},"end":{"line":18,"column":48}},{"start":{"line":20,"column":12},"end":{"line":21,"column":48}},{"start":{"line":23,"column":12},"end":{"line":24,"column":48}}],"line":13}},"s":{"0":2,"1":2,"2":5,"3":4,"4":4,"5":4,"6":1,"7":1,"8":1,"9":1,"10":2},"f":{"0":5,"1":4},"b":{"0":[1,1,1,1]},"_coverageSchema":"1a1c01bbd47fc00a2c39e90264f33305004495a9","hash":"fd26e78211d744b2ebc823931f8f28624ed3ebcb"}
,"/home/wesleysantos/Área de Trabalho/scripts/foxbit/src/domain/SpinRight.js": {"path":"/home/wesleysantos/Área de Trabalho/scripts/foxbit/src/domain/SpinRight.js","statementMap":{"0":{"start":{"line":1,"column":16},"end":{"line":1,"column":36}},"1":{"start":{"line":2,"column":19},"end":{"line":2,"column":42}},"2":{"start":{"line":7,"column":8},"end":{"line":7,"column":26}},"3":{"start":{"line":8,"column":8},"end":{"line":8,"column":39}},"4":{"start":{"line":12,"column":36},"end":{"line":12,"column":53}},"5":{"start":{"line":13,"column":8},"end":{"line":25,"column":9}},"6":{"start":{"line":15,"column":16},"end":{"line":15,"column":48}},"7":{"start":{"line":18,"column":16},"end":{"line":18,"column":48}},"8":{"start":{"line":21,"column":16},"end":{"line":21,"column":48}},"9":{"start":{"line":24,"column":16},"end":{"line":24,"column":48}},"10":{"start":{"line":29,"column":0},"end":{"line":29,"column":26}}},"fnMap":{"0":{"name":"(anonymous_0)","decl":{"start":{"line":6,"column":4},"end":{"line":6,"column":5}},"loc":{"start":{"line":6,"column":29},"end":{"line":9,"column":5}},"line":6},"1":{"name":"(anonymous_1)","decl":{"start":{"line":11,"column":4},"end":{"line":11,"column":5}},"loc":{"start":{"line":11,"column":11},"end":{"line":26,"column":5}},"line":11}},"branchMap":{"0":{"loc":{"start":{"line":13,"column":8},"end":{"line":25,"column":9}},"type":"switch","locations":[{"start":{"line":14,"column":12},"end":{"line":15,"column":48}},{"start":{"line":17,"column":12},"end":{"line":18,"column":48}},{"start":{"line":20,"column":12},"end":{"line":21,"column":48}},{"start":{"line":23,"column":12},"end":{"line":24,"column":48}}],"line":13}},"s":{"0":2,"1":2,"2":7,"3":6,"4":6,"5":6,"6":2,"7":2,"8":1,"9":1,"10":2},"f":{"0":7,"1":6},"b":{"0":[2,2,1,1]},"_coverageSchema":"1a1c01bbd47fc00a2c39e90264f33305004495a9","hash":"45517a04eedbcbb97c49254b177c0d515879e423"}
,"/home/wesleysantos/Área de Trabalho/scripts/foxbit/src/infra/CommandFileRepository.js": {"path":"/home/wesleysantos/Área de Trabalho/scripts/foxbit/src/infra/CommandFileRepository.js","statementMap":{"0":{"start":{"line":1,"column":20},"end":{"line":1,"column":44}},"1":{"start":{"line":5,"column":8},"end":{"line":5,"column":23}},"2":{"start":{"line":9,"column":27},"end":{"line":9,"column":42}},"3":{"start":{"line":10,"column":8},"end":{"line":10,"column":60}},"4":{"start":{"line":10,"column":46},"end":{"line":10,"column":59}},"5":{"start":{"line":14,"column":26},"end":{"line":14,"column":28}},"6":{"start":{"line":15,"column":8},"end":{"line":24,"column":10}},"7":{"start":{"line":16,"column":12},"end":{"line":23,"column":13}},"8":{"start":{"line":17,"column":41},"end":{"line":17,"column":65}},"9":{"start":{"line":18,"column":39},"end":{"line":21,"column":18}},"10":{"start":{"line":19,"column":20},"end":{"line":19,"column":66}},"11":{"start":{"line":19,"column":51},"end":{"line":19,"column":66}},"12":{"start":{"line":20,"column":20},"end":{"line":20,"column":45}},"13":{"start":{"line":22,"column":16},"end":{"line":22,"column":46}},"14":{"start":{"line":25,"column":8},"end":{"line":25,"column":24}},"15":{"start":{"line":29,"column":25},"end":{"line":29,"column":27}},"16":{"start":{"line":30,"column":8},"end":{"line":39,"column":10}},"17":{"start":{"line":31,"column":12},"end":{"line":38,"column":13}},"18":{"start":{"line":32,"column":40},"end":{"line":32,"column":54}},"19":{"start":{"line":33,"column":38},"end":{"line":36,"column":18}},"20":{"start":{"line":34,"column":20},"end":{"line":34,"column":67}},"21":{"start":{"line":34,"column":47},"end":{"line":34,"column":67}},"22":{"start":{"line":35,"column":20},"end":{"line":35,"column":30}},"23":{"start":{"line":37,"column":16},"end":{"line":37,"column":44}},"24":{"start":{"line":40,"column":8},"end":{"line":40,"column":23}},"25":{"start":{"line":44,"column":0},"end":{"line":44,"column":38}}},"fnMap":{"0":{"name":"(anonymous_0)","decl":{"start":{"line":4,"column":4},"end":{"line":4,"column":5}},"loc":{"start":{"line":4,"column":26},"end":{"line":6,"column":5}},"line":4},"1":{"name":"(anonymous_1)","decl":{"start":{"line":8,"column":4},"end":{"line":8,"column":5}},"loc":{"start":{"line":8,"column":25},"end":{"line":11,"column":5}},"line":8},"2":{"name":"(anonymous_2)","decl":{"start":{"line":10,"column":39},"end":{"line":10,"column":40}},"loc":{"start":{"line":10,"column":46},"end":{"line":10,"column":59}},"line":10},"3":{"name":"(anonymous_3)","decl":{"start":{"line":13,"column":4},"end":{"line":13,"column":5}},"loc":{"start":{"line":13,"column":24},"end":{"line":26,"column":5}},"line":13},"4":{"name":"(anonymous_4)","decl":{"start":{"line":15,"column":32},"end":{"line":15,"column":33}},"loc":{"start":{"line":15,"column":49},"end":{"line":24,"column":9}},"line":15},"5":{"name":"(anonymous_5)","decl":{"start":{"line":18,"column":60},"end":{"line":18,"column":61}},"loc":{"start":{"line":18,"column":72},"end":{"line":21,"column":17}},"line":18},"6":{"name":"(anonymous_6)","decl":{"start":{"line":28,"column":4},"end":{"line":28,"column":5}},"loc":{"start":{"line":28,"column":23},"end":{"line":41,"column":5}},"line":28},"7":{"name":"(anonymous_7)","decl":{"start":{"line":30,"column":32},"end":{"line":30,"column":33}},"loc":{"start":{"line":30,"column":49},"end":{"line":39,"column":9}},"line":30},"8":{"name":"(anonymous_8)","decl":{"start":{"line":33,"column":58},"end":{"line":33,"column":59}},"loc":{"start":{"line":33,"column":65},"end":{"line":36,"column":17}},"line":33}},"branchMap":{"0":{"loc":{"start":{"line":16,"column":12},"end":{"line":23,"column":13}},"type":"if","locations":[{"start":{"line":16,"column":12},"end":{"line":23,"column":13}},{"start":{},"end":{}}],"line":16},"1":{"loc":{"start":{"line":16,"column":15},"end":{"line":16,"column":45}},"type":"binary-expr","locations":[{"start":{"line":16,"column":15},"end":{"line":16,"column":26}},{"start":{"line":16,"column":30},"end":{"line":16,"column":45}}],"line":16},"2":{"loc":{"start":{"line":19,"column":20},"end":{"line":19,"column":66}},"type":"if","locations":[{"start":{"line":19,"column":20},"end":{"line":19,"column":66}},{"start":{},"end":{}}],"line":19},"3":{"loc":{"start":{"line":31,"column":12},"end":{"line":38,"column":13}},"type":"if","locations":[{"start":{"line":31,"column":12},"end":{"line":38,"column":13}},{"start":{},"end":{}}],"line":31},"4":{"loc":{"start":{"line":31,"column":15},"end":{"line":31,"column":45}},"type":"binary-expr","locations":[{"start":{"line":31,"column":15},"end":{"line":31,"column":26}},{"start":{"line":31,"column":30},"end":{"line":31,"column":45}}],"line":31},"5":{"loc":{"start":{"line":34,"column":20},"end":{"line":34,"column":67}},"type":"if","locations":[{"start":{"line":34,"column":20},"end":{"line":34,"column":67}},{"start":{},"end":{}}],"line":34}},"s":{"0":1,"1":2,"2":1,"3":1,"4":2,"5":1,"6":1,"7":5,"8":2,"9":2,"10":6,"11":2,"12":4,"13":2,"14":1,"15":1,"16":1,"17":5,"18":2,"19":2,"20":6,"21":0,"22":6,"23":2,"24":1,"25":1},"f":{"0":2,"1":1,"2":2,"3":1,"4":5,"5":6,"6":1,"7":5,"8":6},"b":{"0":[2,3],"1":[5,4],"2":[2,4],"3":[2,3],"4":[5,4],"5":[0,6]},"_coverageSchema":"1a1c01bbd47fc00a2c39e90264f33305004495a9","hash":"1f736622356df21feb32b6d4192fab21873085e4"}
,"/home/wesleysantos/Área de Trabalho/scripts/foxbit/src/infra/FileHandler.js": {"path":"/home/wesleysantos/Área de Trabalho/scripts/foxbit/src/infra/FileHandler.js","statementMap":{"0":{"start":{"line":1,"column":11},"end":{"line":1,"column":24}},"1":{"start":{"line":2,"column":17},"end":{"line":2,"column":36}},"2":{"start":{"line":6,"column":13},"end":{"line":6,"column":15}},"3":{"start":{"line":8,"column":8},"end":{"line":8,"column":77}},"4":{"start":{"line":8,"column":38},"end":{"line":8,"column":77}},"5":{"start":{"line":9,"column":8},"end":{"line":9,"column":55}},"6":{"start":{"line":10,"column":8},"end":{"line":10,"column":44}},"7":{"start":{"line":14,"column":8},"end":{"line":14,"column":26}},"8":{"start":{"line":18,"column":0},"end":{"line":18,"column":28}}},"fnMap":{"0":{"name":"(anonymous_0)","decl":{"start":{"line":7,"column":4},"end":{"line":7,"column":5}},"loc":{"start":{"line":7,"column":26},"end":{"line":11,"column":5}},"line":7},"1":{"name":"(anonymous_1)","decl":{"start":{"line":13,"column":4},"end":{"line":13,"column":5}},"loc":{"start":{"line":13,"column":15},"end":{"line":15,"column":5}},"line":13}},"branchMap":{"0":{"loc":{"start":{"line":8,"column":8},"end":{"line":8,"column":77}},"type":"if","locations":[{"start":{"line":8,"column":8},"end":{"line":8,"column":77}},{"start":{},"end":{}}],"line":8}},"s":{"0":2,"1":2,"2":4,"3":4,"4":2,"5":2,"6":2,"7":4,"8":2},"f":{"0":4,"1":4},"b":{"0":[2,2]},"_coverageSchema":"1a1c01bbd47fc00a2c39e90264f33305004495a9","hash":"6535423e87772c3ad117578331d05f69f2c8234c"}
}
