{"/home/wesleysantos/Área de Trabalho/scripts/foxbit/src/index.js": {"path":"/home/wesleysantos/Área de Trabalho/scripts/foxbit/src/index.js","statementMap":{"0":{"start":{"line":1,"column":20},"end":{"line":1,"column":56}},"1":{"start":{"line":2,"column":17},"end":{"line":2,"column":45}},"2":{"start":{"line":3,"column":18},"end":{"line":3,"column":47}},"3":{"start":{"line":4,"column":13},"end":{"line":4,"column":37}},"4":{"start":{"line":5,"column":16},"end":{"line":5,"column":43}},"5":{"start":{"line":8,"column":4},"end":{"line":8,"column":42}},"6":{"start":{"line":9,"column":4},"end":{"line":9,"column":43}},"7":{"start":{"line":10,"column":4},"end":{"line":10,"column":38}},"8":{"start":{"line":11,"column":19},"end":{"line":11,"column":44}},"9":{"start":{"line":12,"column":21},"end":{"line":12,"column":33}},"10":{"start":{"line":13,"column":4},"end":{"line":13,"column":58}},"11":{"start":{"line":13,"column":29},"end":{"line":13,"column":57}},"12":{"start":{"line":14,"column":4},"end":{"line":14,"column":19}},"13":{"start":{"line":17,"column":0},"end":{"line":17,"column":21}}},"fnMap":{"0":{"name":"main","decl":{"start":{"line":7,"column":9},"end":{"line":7,"column":13}},"loc":{"start":{"line":7,"column":24},"end":{"line":15,"column":1}},"line":7},"1":{"name":"(anonymous_1)","decl":{"start":{"line":13,"column":21},"end":{"line":13,"column":22}},"loc":{"start":{"line":13,"column":29},"end":{"line":13,"column":57}},"line":13}},"branchMap":{},"s":{"0":1,"1":1,"2":1,"3":1,"4":1,"5":3,"6":3,"7":3,"8":3,"9":3,"10":3,"11":5,"12":3,"13":1},"f":{"0":3,"1":5},"b":{},"_coverageSchema":"1a1c01bbd47fc00a2c39e90264f33305004495a9","hash":"b8c1c1fddffa7c7237887e2249fb9eab8b1b35fc"}
,"/home/wesleysantos/Área de Trabalho/scripts/foxbit/src/application/RunCommands.js": {"path":"/home/wesleysantos/Área de Trabalho/scripts/foxbit/src/application/RunCommands.js","statementMap":{"0":{"start":{"line":1,"column":16},"end":{"line":1,"column":44}},"1":{"start":{"line":2,"column":19},"end":{"line":2,"column":50}},"2":{"start":{"line":3,"column":14},"end":{"line":3,"column":40}},"3":{"start":{"line":4,"column":30},"end":{"line":4,"column":71}},"4":{"start":{"line":9,"column":8},"end":{"line":9,"column":33}},"5":{"start":{"line":13,"column":30},"end":{"line":13,"column":71}},"6":{"start":{"line":14,"column":21},"end":{"line":14,"column":55}},"7":{"start":{"line":15,"column":26},"end":{"line":15,"column":59}},"8":{"start":{"line":16,"column":25},"end":{"line":16,"column":57}},"9":{"start":{"line":17,"column":23},"end":{"line":22,"column":10}},"10":{"start":{"line":18,"column":26},"end":{"line":18,"column":96}},"11":{"start":{"line":19,"column":25},"end":{"line":19,"column":71}},"12":{"start":{"line":19,"column":53},"end":{"line":19,"column":70}},"13":{"start":{"line":20,"column":12},"end":{"line":20,"column":35}},"14":{"start":{"line":21,"column":12},"end":{"line":21,"column":24}},"15":{"start":{"line":24,"column":8},"end":{"line":27,"column":10}},"16":{"start":{"line":25,"column":38},"end":{"line":25,"column":55}},"17":{"start":{"line":26,"column":12},"end":{"line":26,"column":36}},"18":{"start":{"line":31,"column":0},"end":{"line":31,"column":28}}},"fnMap":{"0":{"name":"(anonymous_0)","decl":{"start":{"line":8,"column":4},"end":{"line":8,"column":5}},"loc":{"start":{"line":8,"column":26},"end":{"line":10,"column":5}},"line":8},"1":{"name":"(anonymous_1)","decl":{"start":{"line":12,"column":4},"end":{"line":12,"column":5}},"loc":{"start":{"line":12,"column":10},"end":{"line":28,"column":5}},"line":12},"2":{"name":"(anonymous_2)","decl":{"start":{"line":17,"column":37},"end":{"line":17,"column":38}},"loc":{"start":{"line":17,"column":59},"end":{"line":22,"column":9}},"line":17},"3":{"name":"(anonymous_3)","decl":{"start":{"line":19,"column":46},"end":{"line":19,"column":47}},"loc":{"start":{"line":19,"column":53},"end":{"line":19,"column":70}},"line":19},"4":{"name":"(anonymous_4)","decl":{"start":{"line":24,"column":26},"end":{"line":24,"column":27}},"loc":{"start":{"line":24,"column":35},"end":{"line":27,"column":9}},"line":24}},"branchMap":{},"s":{"0":2,"1":2,"2":2,"3":2,"4":4,"5":4,"6":4,"7":4,"8":4,"9":4,"10":7,"11":7,"12":33,"13":7,"14":7,"15":4,"16":7,"17":7,"18":2},"f":{"0":4,"1":4,"2":7,"3":33,"4":7},"b":{},"_coverageSchema":"1a1c01bbd47fc00a2c39e90264f33305004495a9","hash":"b9c0bc4c2e7e473a45b20df70fa49c473ff1fb02"}
,"/home/wesleysantos/Área de Trabalho/scripts/foxbit/src/domain/Command.js": {"path":"/home/wesleysantos/Área de Trabalho/scripts/foxbit/src/domain/Command.js","statementMap":{"0":{"start":{"line":1,"column":19},"end":{"line":1,"column":42}},"1":{"start":{"line":4,"column":29},"end":{"line":4,"column":31}},"2":{"start":{"line":6,"column":8},"end":{"line":6,"column":116}},"3":{"start":{"line":6,"column":49},"end":{"line":6,"column":116}},"4":{"start":{"line":7,"column":8},"end":{"line":7,"column":92}},"5":{"start":{"line":7,"column":35},"end":{"line":7,"column":92}},"6":{"start":{"line":11,"column":8},"end":{"line":14,"column":10}},"7":{"start":{"line":18,"column":24},"end":{"line":18,"column":83}},"8":{"start":{"line":18,"column":63},"end":{"line":18,"column":82}},"9":{"start":{"line":19,"column":8},"end":{"line":19,"column":26}},"10":{"start":{"line":23,"column":0},"end":{"line":23,"column":24}}},"fnMap":{"0":{"name":"(anonymous_0)","decl":{"start":{"line":5,"column":4},"end":{"line":5,"column":5}},"loc":{"start":{"line":5,"column":29},"end":{"line":8,"column":5}},"line":5},"1":{"name":"(anonymous_1)","decl":{"start":{"line":10,"column":4},"end":{"line":10,"column":5}},"loc":{"start":{"line":10,"column":43},"end":{"line":15,"column":5}},"line":10},"2":{"name":"(anonymous_2)","decl":{"start":{"line":17,"column":4},"end":{"line":17,"column":5}},"loc":{"start":{"line":17,"column":23},"end":{"line":20,"column":5}},"line":17},"3":{"name":"(anonymous_3)","decl":{"start":{"line":18,"column":53},"end":{"line":18,"column":54}},"loc":{"start":{"line":18,"column":63},"end":{"line":18,"column":82}},"line":18}},"branchMap":{"0":{"loc":{"start":{"line":6,"column":8},"end":{"line":6,"column":116}},"type":"if","locations":[{"start":{"line":6,"column":8},"end":{"line":6,"column":116}},{"start":{},"end":{}}],"line":6},"1":{"loc":{"start":{"line":7,"column":8},"end":{"line":7,"column":92}},"type":"if","locations":[{"start":{"line":7,"column":8},"end":{"line":7,"column":92}},{"start":{},"end":{}}],"line":7}},"s":{"0":7,"1":7,"2":52,"3":3,"4":49,"5":1,"6":12,"7":33,"8":82,"9":33,"10":7},"f":{"0":52,"1":12,"2":33,"3":82},"b":{"0":[3,49],"1":[1,48]},"_coverageSchema":"1a1c01bbd47fc00a2c39e90264f33305004495a9","hash":"42e01cbf45d27b9b696cb30a9612aa3d70d5a54a"}
,"/home/wesleysantos/Área de Trabalho/scripts/foxbit/src/domain/Coordinate.js": {"path":"/home/wesleysantos/Área de Trabalho/scripts/foxbit/src/domain/Coordinate.js","statementMap":{"0":{"start":{"line":2,"column":24},"end":{"line":2,"column":44}},"1":{"start":{"line":9,"column":8},"end":{"line":9,"column":97}},"2":{"start":{"line":9,"column":58},"end":{"line":9,"column":97}},"3":{"start":{"line":10,"column":8},"end":{"line":10,"column":97}},"4":{"start":{"line":10,"column":58},"end":{"line":10,"column":97}},"5":{"start":{"line":11,"column":8},"end":{"line":11,"column":142}},"6":{"start":{"line":11,"column":89},"end":{"line":11,"column":142}},"7":{"start":{"line":12,"column":8},"end":{"line":12,"column":112}},"8":{"start":{"line":12,"column":58},"end":{"line":12,"column":112}},"9":{"start":{"line":13,"column":8},"end":{"line":13,"column":18}},"10":{"start":{"line":14,"column":8},"end":{"line":14,"column":18}},"11":{"start":{"line":15,"column":8},"end":{"line":15,"column":34}},"12":{"start":{"line":16,"column":8},"end":{"line":16,"column":24}},"13":{"start":{"line":17,"column":8},"end":{"line":17,"column":33}},"14":{"start":{"line":21,"column":8},"end":{"line":21,"column":98}},"15":{"start":{"line":21,"column":48},"end":{"line":21,"column":98}},"16":{"start":{"line":22,"column":8},"end":{"line":22,"column":98}},"17":{"start":{"line":22,"column":48},"end":{"line":22,"column":98}},"18":{"start":{"line":26,"column":0},"end":{"line":26,"column":27}}},"fnMap":{"0":{"name":"(anonymous_0)","decl":{"start":{"line":8,"column":4},"end":{"line":8,"column":5}},"loc":{"start":{"line":8,"column":39},"end":{"line":18,"column":5}},"line":8}},"branchMap":{"0":{"loc":{"start":{"line":9,"column":8},"end":{"line":9,"column":97}},"type":"if","locations":[{"start":{"line":9,"column":8},"end":{"line":9,"column":97}},{"start":{},"end":{}}],"line":9},"1":{"loc":{"start":{"line":9,"column":11},"end":{"line":9,"column":56}},"type":"binary-expr","locations":[{"start":{"line":9,"column":11},"end":{"line":9,"column":32}},{"start":{"line":9,"column":36},"end":{"line":9,"column":56}}],"line":9},"2":{"loc":{"start":{"line":10,"column":8},"end":{"line":10,"column":97}},"type":"if","locations":[{"start":{"line":10,"column":8},"end":{"line":10,"column":97}},{"start":{},"end":{}}],"line":10},"3":{"loc":{"start":{"line":10,"column":11},"end":{"line":10,"column":56}},"type":"binary-expr","locations":[{"start":{"line":10,"column":11},"end":{"line":10,"column":32}},{"start":{"line":10,"column":36},"end":{"line":10,"column":56}}],"line":10},"4":{"loc":{"start":{"line":11,"column":8},"end":{"line":11,"column":142}},"type":"if","locations":[{"start":{"line":11,"column":8},"end":{"line":11,"column":142}},{"start":{},"end":{}}],"line":11},"5":{"loc":{"start":{"line":11,"column":11},"end":{"line":11,"column":87}},"type":"binary-expr","locations":[{"start":{"line":11,"column":11},"end":{"line":11,"column":40}},{"start":{"line":11,"column":44},"end":{"line":11,"column":87}}],"line":11},"6":{"loc":{"start":{"line":12,"column":8},"end":{"line":12,"column":112}},"type":"if","locations":[{"start":{"line":12,"column":8},"end":{"line":12,"column":112}},{"start":{},"end":{}}],"line":12},"7":{"loc":{"start":{"line":12,"column":11},"end":{"line":12,"column":56}},"type":"binary-expr","locations":[{"start":{"line":12,"column":11},"end":{"line":12,"column":35}},{"start":{"line":12,"column":39},"end":{"line":12,"column":56}}],"line":12},"8":{"loc":{"start":{"line":21,"column":8},"end":{"line":21,"column":98}},"type":"if","locations":[{"start":{"line":21,"column":8},"end":{"line":21,"column":98}},{"start":{},"end":{}}],"line":21},"9":{"loc":{"start":{"line":21,"column":11},"end":{"line":21,"column":46}},"type":"binary-expr","locations":[{"start":{"line":21,"column":11},"end":{"line":21,"column":32}},{"start":{"line":21,"column":36},"end":{"line":21,"column":46}}],"line":21},"10":{"loc":{"start":{"line":22,"column":8},"end":{"line":22,"column":98}},"type":"if","locations":[{"start":{"line":22,"column":8},"end":{"line":22,"column":98}},{"start":{},"end":{}}],"line":22},"11":{"loc":{"start":{"line":22,"column":11},"end":{"line":22,"column":46}},"type":"binary-expr","locations":[{"start":{"line":22,"column":11},"end":{"line":22,"column":32}},{"start":{"line":22,"column":36},"end":{"line":22,"column":46}}],"line":22}},"s":{"0":97,"1":97,"2":1,"3":96,"4":1,"5":95,"6":1,"7":94,"8":1,"9":93,"10":93,"11":93,"12":93,"13":93,"14":93,"15":2,"16":91,"17":5,"18":8},"f":{"0":97},"b":{"0":[1,96],"1":[97,96],"2":[1,95],"3":[96,96],"4":[1,94],"5":[95,95],"6":[1,93],"7":[94,93],"8":[2,91],"9":[93,92],"10":[5,86],"11":[91,87]},"_coverageSchema":"1a1c01bbd47fc00a2c39e90264f33305004495a9","hash":"3c343850f5209e9f7f22f451b8cd922f3f232b74"}
,"/home/wesleysantos/Área de Trabalho/scripts/foxbit/src/domain/Move.js": {"path":"/home/wesleysantos/Área de Trabalho/scripts/foxbit/src/domain/Move.js","statementMap":{"0":{"start":{"line":1,"column":16},"end":{"line":1,"column":36}},"1":{"start":{"line":2,"column":19},"end":{"line":2,"column":42}},"2":{"start":{"line":7,"column":8},"end":{"line":7,"column":26}},"3":{"start":{"line":8,"column":8},"end":{"line":8,"column":39}},"4":{"start":{"line":12,"column":8},"end":{"line":29,"column":9}},"5":{"start":{"line":13,"column":40},"end":{"line":13,"column":57}},"6":{"start":{"line":14,"column":12},"end":{"line":26,"column":13}},"7":{"start":{"line":16,"column":20},"end":{"line":16,"column":86}},"8":{"start":{"line":19,"column":20},"end":{"line":19,"column":86}},"9":{"start":{"line":22,"column":20},"end":{"line":22,"column":86}},"10":{"start":{"line":25,"column":20},"end":{"line":25,"column":86}},"11":{"start":{"line":28,"column":12},"end":{"line":28,"column":36}},"12":{"start":{"line":33,"column":0},"end":{"line":33,"column":21}}},"fnMap":{"0":{"name":"(anonymous_0)","decl":{"start":{"line":6,"column":4},"end":{"line":6,"column":5}},"loc":{"start":{"line":6,"column":29},"end":{"line":9,"column":5}},"line":6},"1":{"name":"(anonymous_1)","decl":{"start":{"line":11,"column":4},"end":{"line":11,"column":5}},"loc":{"start":{"line":11,"column":11},"end":{"line":30,"column":5}},"line":11}},"branchMap":{"0":{"loc":{"start":{"line":14,"column":12},"end":{"line":26,"column":13}},"type":"switch","locations":[{"start":{"line":15,"column":16},"end":{"line":16,"column":86}},{"start":{"line":18,"column":16},"end":{"line":19,"column":86}},{"start":{"line":21,"column":16},"end":{"line":22,"column":86}},{"start":{"line":24,"column":16},"end":{"line":25,"column":86}}],"line":14}},"s":{"0":3,"1":3,"2":27,"3":26,"4":26,"5":26,"6":26,"7":7,"8":9,"9":6,"10":4,"11":3,"12":3},"f":{"0":27,"1":26},"b":{"0":[7,9,6,4]},"_coverageSchema":"1a1c01bbd47fc00a2c39e90264f33305004495a9","hash":"28ebe98ae599f974f06f0050fc7537f80f08e6ca"}
,"/home/wesleysantos/Área de Trabalho/scripts/foxbit/src/domain/Rover.js": {"path":"/home/wesleysantos/Área de Trabalho/scripts/foxbit/src/domain/Rover.js","statementMap":{"0":{"start":{"line":1,"column":19},"end":{"line":1,"column":42}},"1":{"start":{"line":6,"column":8},"end":{"line":6,"column":91}},"2":{"start":{"line":6,"column":48},"end":{"line":6,"column":91}},"3":{"start":{"line":7,"column":8},"end":{"line":7,"column":37}},"4":{"start":{"line":11,"column":8},"end":{"line":13,"column":10}},"5":{"start":{"line":12,"column":12},"end":{"line":12,"column":66}},"6":{"start":{"line":16,"column":24},"end":{"line":16,"column":47}},"7":{"start":{"line":19,"column":0},"end":{"line":19,"column":22}}},"fnMap":{"0":{"name":"(anonymous_0)","decl":{"start":{"line":5,"column":4},"end":{"line":5,"column":5}},"loc":{"start":{"line":5,"column":28},"end":{"line":8,"column":5}},"line":5},"1":{"name":"(anonymous_1)","decl":{"start":{"line":10,"column":4},"end":{"line":10,"column":5}},"loc":{"start":{"line":10,"column":26},"end":{"line":14,"column":5}},"line":10},"2":{"name":"(anonymous_2)","decl":{"start":{"line":11,"column":25},"end":{"line":11,"column":26}},"loc":{"start":{"line":11,"column":35},"end":{"line":13,"column":9}},"line":11},"3":{"name":"(anonymous_3)","decl":{"start":{"line":16,"column":4},"end":{"line":16,"column":5}},"loc":{"start":{"line":16,"column":22},"end":{"line":16,"column":49}},"line":16}},"branchMap":{"0":{"loc":{"start":{"line":6,"column":8},"end":{"line":6,"column":91}},"type":"if","locations":[{"start":{"line":6,"column":8},"end":{"line":6,"column":91}},{"start":{},"end":{}}],"line":6}},"s":{"0":3,"1":10,"2":1,"3":9,"4":8,"5":35,"6":8,"7":3},"f":{"0":10,"1":8,"2":35,"3":8},"b":{"0":[1,9]},"_coverageSchema":"1a1c01bbd47fc00a2c39e90264f33305004495a9","hash":"1c6dedef6b48b8a4d10bfb67b6464d8f256beb3b"}
,"/home/wesleysantos/Área de Trabalho/scripts/foxbit/src/domain/SpinLeft.js": {"path":"/home/wesleysantos/Área de Trabalho/scripts/foxbit/src/domain/SpinLeft.js","statementMap":{"0":{"start":{"line":1,"column":16},"end":{"line":1,"column":36}},"1":{"start":{"line":2,"column":19},"end":{"line":2,"column":42}},"2":{"start":{"line":7,"column":8},"end":{"line":7,"column":26}},"3":{"start":{"line":8,"column":8},"end":{"line":8,"column":39}},"4":{"start":{"line":12,"column":8},"end":{"line":30,"column":9}},"5":{"start":{"line":13,"column":40},"end":{"line":13,"column":57}},"6":{"start":{"line":15,"column":12},"end":{"line":27,"column":13}},"7":{"start":{"line":17,"column":20},"end":{"line":17,"column":76}},"8":{"start":{"line":20,"column":20},"end":{"line":20,"column":76}},"9":{"start":{"line":23,"column":20},"end":{"line":23,"column":76}},"10":{"start":{"line":26,"column":20},"end":{"line":26,"column":76}},"11":{"start":{"line":29,"column":12},"end":{"line":29,"column":36}},"12":{"start":{"line":34,"column":0},"end":{"line":34,"column":25}}},"fnMap":{"0":{"name":"(anonymous_0)","decl":{"start":{"line":6,"column":4},"end":{"line":6,"column":5}},"loc":{"start":{"line":6,"column":29},"end":{"line":9,"column":5}},"line":6},"1":{"name":"(anonymous_1)","decl":{"start":{"line":11,"column":4},"end":{"line":11,"column":5}},"loc":{"start":{"line":11,"column":11},"end":{"line":31,"column":5}},"line":11}},"branchMap":{"0":{"loc":{"start":{"line":15,"column":12},"end":{"line":27,"column":13}},"type":"switch","locations":[{"start":{"line":16,"column":16},"end":{"line":17,"column":76}},{"start":{"line":19,"column":16},"end":{"line":20,"column":76}},{"start":{"line":22,"column":16},"end":{"line":23,"column":76}},{"start":{"line":25,"column":16},"end":{"line":26,"column":76}}],"line":15}},"s":{"0":4,"1":4,"2":10,"3":9,"4":9,"5":9,"6":9,"7":3,"8":2,"9":2,"10":2,"11":0,"12":4},"f":{"0":10,"1":9},"b":{"0":[3,2,2,2]},"_coverageSchema":"1a1c01bbd47fc00a2c39e90264f33305004495a9","hash":"e11541f299d2b10ac1cc4c345ab6927fd092bf81"}
,"/home/wesleysantos/Área de Trabalho/scripts/foxbit/src/domain/SpinRight.js": {"path":"/home/wesleysantos/Área de Trabalho/scripts/foxbit/src/domain/SpinRight.js","statementMap":{"0":{"start":{"line":1,"column":16},"end":{"line":1,"column":36}},"1":{"start":{"line":2,"column":19},"end":{"line":2,"column":42}},"2":{"start":{"line":7,"column":8},"end":{"line":7,"column":26}},"3":{"start":{"line":8,"column":8},"end":{"line":8,"column":39}},"4":{"start":{"line":12,"column":8},"end":{"line":29,"column":9}},"5":{"start":{"line":13,"column":40},"end":{"line":13,"column":57}},"6":{"start":{"line":14,"column":12},"end":{"line":26,"column":13}},"7":{"start":{"line":16,"column":20},"end":{"line":16,"column":76}},"8":{"start":{"line":19,"column":20},"end":{"line":19,"column":76}},"9":{"start":{"line":22,"column":20},"end":{"line":22,"column":76}},"10":{"start":{"line":25,"column":20},"end":{"line":25,"column":76}},"11":{"start":{"line":28,"column":12},"end":{"line":28,"column":29}},"12":{"start":{"line":33,"column":0},"end":{"line":33,"column":26}}},"fnMap":{"0":{"name":"(anonymous_0)","decl":{"start":{"line":6,"column":4},"end":{"line":6,"column":5}},"loc":{"start":{"line":6,"column":29},"end":{"line":9,"column":5}},"line":6},"1":{"name":"(anonymous_1)","decl":{"start":{"line":11,"column":4},"end":{"line":11,"column":5}},"loc":{"start":{"line":11,"column":11},"end":{"line":30,"column":5}},"line":11}},"branchMap":{"0":{"loc":{"start":{"line":14,"column":12},"end":{"line":26,"column":13}},"type":"switch","locations":[{"start":{"line":15,"column":16},"end":{"line":16,"column":76}},{"start":{"line":18,"column":16},"end":{"line":19,"column":76}},{"start":{"line":21,"column":16},"end":{"line":22,"column":76}},{"start":{"line":24,"column":16},"end":{"line":25,"column":76}}],"line":14}},"s":{"0":4,"1":4,"2":14,"3":13,"4":13,"5":13,"6":13,"7":4,"8":4,"9":3,"10":2,"11":0,"12":4},"f":{"0":14,"1":13},"b":{"0":[4,4,3,2]},"_coverageSchema":"1a1c01bbd47fc00a2c39e90264f33305004495a9","hash":"9e2c2d51563d36b4c979754eddeb5b8022c54490"}
,"/home/wesleysantos/Área de Trabalho/scripts/foxbit/src/infra/CommandFileRepository.js": {"path":"/home/wesleysantos/Área de Trabalho/scripts/foxbit/src/infra/CommandFileRepository.js","statementMap":{"0":{"start":{"line":1,"column":20},"end":{"line":1,"column":44}},"1":{"start":{"line":5,"column":8},"end":{"line":5,"column":23}},"2":{"start":{"line":9,"column":27},"end":{"line":9,"column":42}},"3":{"start":{"line":10,"column":8},"end":{"line":10,"column":60}},"4":{"start":{"line":10,"column":46},"end":{"line":10,"column":59}},"5":{"start":{"line":14,"column":26},"end":{"line":14,"column":28}},"6":{"start":{"line":15,"column":8},"end":{"line":24,"column":10}},"7":{"start":{"line":16,"column":12},"end":{"line":23,"column":13}},"8":{"start":{"line":17,"column":41},"end":{"line":17,"column":65}},"9":{"start":{"line":18,"column":39},"end":{"line":21,"column":18}},"10":{"start":{"line":19,"column":20},"end":{"line":19,"column":66}},"11":{"start":{"line":19,"column":51},"end":{"line":19,"column":66}},"12":{"start":{"line":20,"column":20},"end":{"line":20,"column":45}},"13":{"start":{"line":22,"column":16},"end":{"line":22,"column":46}},"14":{"start":{"line":25,"column":8},"end":{"line":25,"column":24}},"15":{"start":{"line":29,"column":25},"end":{"line":29,"column":27}},"16":{"start":{"line":30,"column":8},"end":{"line":39,"column":10}},"17":{"start":{"line":31,"column":12},"end":{"line":38,"column":13}},"18":{"start":{"line":32,"column":40},"end":{"line":32,"column":54}},"19":{"start":{"line":33,"column":38},"end":{"line":36,"column":18}},"20":{"start":{"line":34,"column":20},"end":{"line":34,"column":67}},"21":{"start":{"line":34,"column":47},"end":{"line":34,"column":67}},"22":{"start":{"line":35,"column":20},"end":{"line":35,"column":30}},"23":{"start":{"line":37,"column":16},"end":{"line":37,"column":44}},"24":{"start":{"line":40,"column":8},"end":{"line":40,"column":23}},"25":{"start":{"line":44,"column":0},"end":{"line":44,"column":38}}},"fnMap":{"0":{"name":"(anonymous_0)","decl":{"start":{"line":4,"column":4},"end":{"line":4,"column":5}},"loc":{"start":{"line":4,"column":26},"end":{"line":6,"column":5}},"line":4},"1":{"name":"(anonymous_1)","decl":{"start":{"line":8,"column":4},"end":{"line":8,"column":5}},"loc":{"start":{"line":8,"column":25},"end":{"line":11,"column":5}},"line":8},"2":{"name":"(anonymous_2)","decl":{"start":{"line":10,"column":39},"end":{"line":10,"column":40}},"loc":{"start":{"line":10,"column":46},"end":{"line":10,"column":59}},"line":10},"3":{"name":"(anonymous_3)","decl":{"start":{"line":13,"column":4},"end":{"line":13,"column":5}},"loc":{"start":{"line":13,"column":24},"end":{"line":26,"column":5}},"line":13},"4":{"name":"(anonymous_4)","decl":{"start":{"line":15,"column":32},"end":{"line":15,"column":33}},"loc":{"start":{"line":15,"column":49},"end":{"line":24,"column":9}},"line":15},"5":{"name":"(anonymous_5)","decl":{"start":{"line":18,"column":60},"end":{"line":18,"column":61}},"loc":{"start":{"line":18,"column":72},"end":{"line":21,"column":17}},"line":18},"6":{"name":"(anonymous_6)","decl":{"start":{"line":28,"column":4},"end":{"line":28,"column":5}},"loc":{"start":{"line":28,"column":23},"end":{"line":41,"column":5}},"line":28},"7":{"name":"(anonymous_7)","decl":{"start":{"line":30,"column":32},"end":{"line":30,"column":33}},"loc":{"start":{"line":30,"column":49},"end":{"line":39,"column":9}},"line":30},"8":{"name":"(anonymous_8)","decl":{"start":{"line":33,"column":58},"end":{"line":33,"column":59}},"loc":{"start":{"line":33,"column":65},"end":{"line":36,"column":17}},"line":33}},"branchMap":{"0":{"loc":{"start":{"line":16,"column":12},"end":{"line":23,"column":13}},"type":"if","locations":[{"start":{"line":16,"column":12},"end":{"line":23,"column":13}},{"start":{},"end":{}}],"line":16},"1":{"loc":{"start":{"line":16,"column":15},"end":{"line":16,"column":45}},"type":"binary-expr","locations":[{"start":{"line":16,"column":15},"end":{"line":16,"column":26}},{"start":{"line":16,"column":30},"end":{"line":16,"column":45}}],"line":16},"2":{"loc":{"start":{"line":19,"column":20},"end":{"line":19,"column":66}},"type":"if","locations":[{"start":{"line":19,"column":20},"end":{"line":19,"column":66}},{"start":{},"end":{}}],"line":19},"3":{"loc":{"start":{"line":31,"column":12},"end":{"line":38,"column":13}},"type":"if","locations":[{"start":{"line":31,"column":12},"end":{"line":38,"column":13}},{"start":{},"end":{}}],"line":31},"4":{"loc":{"start":{"line":31,"column":15},"end":{"line":31,"column":45}},"type":"binary-expr","locations":[{"start":{"line":31,"column":15},"end":{"line":31,"column":26}},{"start":{"line":31,"column":30},"end":{"line":31,"column":45}}],"line":31},"5":{"loc":{"start":{"line":34,"column":20},"end":{"line":34,"column":67}},"type":"if","locations":[{"start":{"line":34,"column":20},"end":{"line":34,"column":67}},{"start":{},"end":{}}],"line":34}},"s":{"0":3,"1":6,"2":5,"3":5,"4":10,"5":5,"6":5,"7":23,"8":9,"9":9,"10":27,"11":9,"12":18,"13":9,"14":5,"15":5,"16":5,"17":23,"18":9,"19":9,"20":39,"21":0,"22":39,"23":9,"24":5,"25":3},"f":{"0":6,"1":5,"2":10,"3":5,"4":23,"5":27,"6":5,"7":23,"8":39},"b":{"0":[9,14],"1":[23,18],"2":[9,18],"3":[9,14],"4":[23,18],"5":[0,39]},"_coverageSchema":"1a1c01bbd47fc00a2c39e90264f33305004495a9","hash":"1f736622356df21feb32b6d4192fab21873085e4"}
,"/home/wesleysantos/Área de Trabalho/scripts/foxbit/src/infra/FileHandler.js": {"path":"/home/wesleysantos/Área de Trabalho/scripts/foxbit/src/infra/FileHandler.js","statementMap":{"0":{"start":{"line":1,"column":11},"end":{"line":1,"column":24}},"1":{"start":{"line":2,"column":17},"end":{"line":2,"column":36}},"2":{"start":{"line":6,"column":13},"end":{"line":6,"column":15}},"3":{"start":{"line":8,"column":8},"end":{"line":8,"column":77}},"4":{"start":{"line":8,"column":38},"end":{"line":8,"column":77}},"5":{"start":{"line":9,"column":8},"end":{"line":9,"column":55}},"6":{"start":{"line":10,"column":8},"end":{"line":10,"column":44}},"7":{"start":{"line":14,"column":8},"end":{"line":14,"column":26}},"8":{"start":{"line":18,"column":0},"end":{"line":18,"column":28}}},"fnMap":{"0":{"name":"(anonymous_0)","decl":{"start":{"line":7,"column":4},"end":{"line":7,"column":5}},"loc":{"start":{"line":7,"column":26},"end":{"line":11,"column":5}},"line":7},"1":{"name":"(anonymous_1)","decl":{"start":{"line":13,"column":4},"end":{"line":13,"column":5}},"loc":{"start":{"line":13,"column":15},"end":{"line":15,"column":5}},"line":13}},"branchMap":{"0":{"loc":{"start":{"line":8,"column":8},"end":{"line":8,"column":77}},"type":"if","locations":[{"start":{"line":8,"column":8},"end":{"line":8,"column":77}},{"start":{},"end":{}}],"line":8}},"s":{"0":4,"1":4,"2":8,"3":8,"4":2,"5":6,"6":6,"7":16,"8":4},"f":{"0":8,"1":16},"b":{"0":[2,6]},"_coverageSchema":"1a1c01bbd47fc00a2c39e90264f33305004495a9","hash":"6535423e87772c3ad117578331d05f69f2c8234c"}
}
