TN:
SF:src/domain/Command.js
FN:4,(anonymous_0)
FNF:1
FNH:1
FNDA:19,(anonymous_0)
DA:1,5
DA:5,19
DA:6,16
DA:10,5
LF:4
LH:4
BRDA:5,0,0,3
BRDA:5,0,1,16
BRDA:6,1,0,1
BRDA:6,1,1,15
BRF:4
BRH:4
end_of_record
TN:
SF:src/domain/Coordinate.js
FN:7,(anonymous_0)
FNF:1
FNH:1
FNDA:49,(anonymous_0)
DA:2,49
DA:8,49
DA:9,48
DA:10,47
DA:11,46
DA:12,46
DA:13,46
DA:17,6
LF:8
LH:8
BRDA:8,0,0,1
BRDA:8,0,1,48
BRDA:8,1,0,49
BRDA:8,1,1,48
BRDA:9,2,0,1
BRDA:9,2,1,47
BRDA:9,3,0,48
BRDA:9,3,1,48
BRDA:10,4,0,1
BRDA:10,4,1,46
BRDA:10,5,0,47
BRDA:10,5,1,47
BRF:12
BRH:12
end_of_record
TN:
SF:src/domain/Move.js
FN:6,(anonymous_0)
FN:11,(anonymous_1)
FNF:2
FNH:2
FNDA:6,(anonymous_0)
FNDA:5,(anonymous_1)
DA:1,1
DA:2,1
DA:7,6
DA:8,5
DA:12,5
DA:13,5
DA:15,2
DA:18,1
DA:21,1
DA:24,1
DA:29,1
LF:11
LH:11
BRDA:13,0,0,2
BRDA:13,0,1,1
BRDA:13,0,2,1
BRDA:13,0,3,1
BRF:4
BRH:4
end_of_record
TN:
SF:src/domain/Rover.js
FN:5,(anonymous_0)
FN:10,(anonymous_1)
FN:11,(anonymous_2)
FN:16,(anonymous_3)
FNF:4
FNH:4
FNDA:3,(anonymous_0)
FNDA:1,(anonymous_1)
FNDA:2,(anonymous_2)
FNDA:1,(anonymous_3)
DA:1,1
DA:6,3
DA:7,2
DA:11,1
DA:12,2
DA:16,1
DA:19,1
LF:7
LH:7
BRDA:6,0,0,1
BRDA:6,0,1,2
BRF:2
BRH:2
end_of_record
TN:
SF:src/domain/SpinLeft.js
FN:6,(anonymous_0)
FN:11,(anonymous_1)
FNF:2
FNH:2
FNDA:5,(anonymous_0)
FNDA:4,(anonymous_1)
DA:1,2
DA:2,2
DA:7,5
DA:8,4
DA:12,4
DA:13,4
DA:15,1
DA:18,1
DA:21,1
DA:24,1
DA:29,2
LF:11
LH:11
BRDA:13,0,0,1
BRDA:13,0,1,1
BRDA:13,0,2,1
BRDA:13,0,3,1
BRF:4
BRH:4
end_of_record
TN:
SF:src/domain/SpinRight.js
FN:6,(anonymous_0)
FN:11,(anonymous_1)
FNF:2
FNH:2
FNDA:7,(anonymous_0)
FNDA:6,(anonymous_1)
DA:1,2
DA:2,2
DA:7,7
DA:8,6
DA:12,6
DA:13,6
DA:15,2
DA:18,2
DA:21,1
DA:24,1
DA:29,2
LF:11
LH:11
BRDA:13,0,0,2
BRDA:13,0,1,2
BRDA:13,0,2,1
BRDA:13,0,3,1
BRF:4
BRH:4
end_of_record
TN:
SF:src/infra/FileHandler.js
FN:7,(anonymous_0)
FN:13,(anonymous_1)
FNF:2
FNH:2
FNDA:2,(anonymous_0)
FNDA:1,(anonymous_1)
DA:1,1
DA:2,1
DA:6,2
DA:8,2
DA:9,1
DA:10,1
DA:14,1
DA:18,1
LF:8
LH:8
BRDA:8,0,0,1
BRDA:8,0,1,1
BRF:2
BRH:2
end_of_record
