TN:
SF:src/domain/Command.js
FN:4,(anonymous_0)
FNF:1
FNH:1
FNDA:19,(anonymous_0)
DA:1,5
DA:5,19
DA:6,16
DA:10,5
LF:4
LH:4
BRDA:5,0,0,3
BRDA:5,0,1,16
BRDA:6,1,0,1
BRDA:6,1,1,15
BRF:4
BRH:4
end_of_record
TN:
SF:src/domain/Coordinate.js
FN:7,(anonymous_0)
FNF:1
FNH:1
FNDA:49,(anonymous_0)
DA:2,49
DA:8,49
DA:9,48
DA:10,47
DA:11,46
DA:12,46
DA:13,46
DA:17,6
LF:8
LH:8
BRDA:8,0,0,1
BRDA:8,0,1,48
BRDA:8,1,0,49
BRDA:8,1,1,48
BRDA:9,2,0,1
BRDA:9,2,1,47
BRDA:9,3,0,48
BRDA:9,3,1,48
BRDA:10,4,0,1
BRDA:10,4,1,46
BRDA:10,5,0,47
BRDA:10,5,1,47
BRF:12
BRH:12
end_of_record
TN:
SF:src/domain/Move.js
FN:6,(anonymous_0)
FN:11,(anonymous_1)
FNF:2
FNH:2
FNDA:6,(anonymous_0)
FNDA:5,(anonymous_1)
DA:1,1
DA:2,1
DA:7,6
DA:8,5
DA:12,5
DA:13,5
DA:15,2
DA:18,1
DA:21,1
DA:24,1
DA:29,1
LF:11
LH:11
BRDA:13,0,0,2
BRDA:13,0,1,1
BRDA:13,0,2,1
BRDA:13,0,3,1
BRF:4
BRH:4
end_of_record
TN:
SF:src/domain/Rover.js
FN:5,(anonymous_0)
FN:10,(anonymous_1)
FN:11,(anonymous_2)
FN:16,(anonymous_3)
FNF:4
FNH:4
FNDA:3,(anonymous_0)
FNDA:1,(anonymous_1)
FNDA:2,(anonymous_2)
FNDA:1,(anonymous_3)
DA:1,1
DA:6,3
DA:7,2
DA:11,1
DA:12,2
DA:16,1
DA:19,1
LF:7
LH:7
BRDA:6,0,0,1
BRDA:6,0,1,2
BRF:2
BRH:2
end_of_record
TN:
SF:src/domain/SpinLeft.js
FN:6,(anonymous_0)
FN:11,(anonymous_1)
FNF:2
FNH:2
FNDA:5,(anonymous_0)
FNDA:4,(anonymous_1)
DA:1,2
DA:2,2
DA:7,5
DA:8,4
DA:12,4
DA:13,4
DA:15,1
DA:18,1
DA:21,1
DA:24,1
DA:29,2
LF:11
LH:11
BRDA:13,0,0,1
BRDA:13,0,1,1
BRDA:13,0,2,1
BRDA:13,0,3,1
BRF:4
BRH:4
end_of_record
TN:
SF:src/domain/SpinRight.js
FN:6,(anonymous_0)
FN:11,(anonymous_1)
FNF:2
FNH:2
FNDA:7,(anonymous_0)
FNDA:6,(anonymous_1)
DA:1,2
DA:2,2
DA:7,7
DA:8,6
DA:12,6
DA:13,6
DA:15,2
DA:18,2
DA:21,1
DA:24,1
DA:29,2
LF:11
LH:11
BRDA:13,0,0,2
BRDA:13,0,1,2
BRDA:13,0,2,1
BRDA:13,0,3,1
BRF:4
BRH:4
end_of_record
TN:
SF:src/infra/CommandFileRepository.js
FN:4,(anonymous_0)
FN:8,(anonymous_1)
FN:10,(anonymous_2)
FN:13,(anonymous_3)
FN:15,(anonymous_4)
FN:18,(anonymous_5)
FN:28,(anonymous_6)
FN:30,(anonymous_7)
FN:33,(anonymous_8)
FNF:9
FNH:9
FNDA:2,(anonymous_0)
FNDA:1,(anonymous_1)
FNDA:2,(anonymous_2)
FNDA:1,(anonymous_3)
FNDA:5,(anonymous_4)
FNDA:6,(anonymous_5)
FNDA:1,(anonymous_6)
FNDA:5,(anonymous_7)
FNDA:6,(anonymous_8)
DA:1,1
DA:5,2
DA:9,1
DA:10,2
DA:14,1
DA:15,1
DA:16,5
DA:17,2
DA:18,2
DA:19,6
DA:20,4
DA:22,2
DA:25,1
DA:29,1
DA:30,1
DA:31,5
DA:32,2
DA:33,2
DA:34,6
DA:35,6
DA:37,2
DA:40,1
DA:44,1
LF:23
LH:23
BRDA:16,0,0,2
BRDA:16,0,1,3
BRDA:16,1,0,5
BRDA:16,1,1,4
BRDA:19,2,0,2
BRDA:19,2,1,4
BRDA:31,3,0,2
BRDA:31,3,1,3
BRDA:31,4,0,5
BRDA:31,4,1,4
BRDA:34,5,0,0
BRDA:34,5,1,6
BRF:12
BRH:11
end_of_record
TN:
SF:src/infra/FileHandler.js
FN:7,(anonymous_0)
FN:13,(anonymous_1)
FNF:2
FNH:2
FNDA:4,(anonymous_0)
FNDA:4,(anonymous_1)
DA:1,2
DA:2,2
DA:6,4
DA:8,4
DA:9,2
DA:10,2
DA:14,4
DA:18,2
LF:8
LH:8
BRDA:8,0,0,2
BRDA:8,0,1,2
BRF:2
BRH:2
end_of_record
